<?xml version="1.0" encoding="UTF-8"?>
<!-- Generated by org.testng.reporters.JUnitXMLReporter -->
<testsuite ignored="0" hostname="LAPTOP-VN1CB8H2" failures="0" tests="3" name="Add Product and verify on home page" time="3.803" errors="0" timestamp="2023-09-23T20:09:11 IST">
  <testcase classname="LetsShop.AddProduct" name="addProductUsingSingletonlogin" time="3.127"/>
  <testcase classname="LetsShop.GetProductDetails" name="verifyAddedProductUsingSingaletonLogin" time="0.424"/>
  <testcase classname="LetsShop.DeleteProducts" name="deleteProductusingIDAndSingltoneLogin" time="0.226"/>
</testsuite> <!-- Add Product and verify on home page -->
