<?xml version="1.0" encoding="UTF-8"?>
<!-- Generated by org.testng.reporters.JUnitXMLReporter -->
<testsuite ignored="4" hostname="LAPTOP-VN1CB8H2" failures="0" tests="4" name="Add Product and verify on home page and delete added Products" time="4.104" errors="0" timestamp="2023-10-01T10:47:30 IST">
  <testcase classname="LetsShop.AddProduct" name="addProductUsingSingletonlogin" time="3.183"/>
  <testcase classname="LetsShop.GetProductDetails" name="validateJsonSchemaForGetAllProduct" time="0.522"/>
  <testcase classname="LetsShop.GetProductDetails" name="verifyAddedProductUsingSingaletonLogin" time="0.192"/>
  <testcase classname="LetsShop.DeleteProducts" name="deleteProductusingIDAndSingltoneLogin" time="0.174"/>
  <testcase classname="core.Base" name="@BeforeSuite generatereport" time="0.0">
    <ignored/>
  </testcase> <!-- @BeforeSuite generatereport -->
  <testcase classname="core.Base" name="@BeforeSuite generatereport" time="0.0">
    <ignored/>
  </testcase> <!-- @BeforeSuite generatereport -->
  <testcase classname="core.Base" name="@AfterSuite endreport" time="0.0">
    <ignored/>
  </testcase> <!-- @AfterSuite endreport -->
  <testcase classname="core.Base" name="@AfterSuite endreport" time="0.0">
    <ignored/>
  </testcase> <!-- @AfterSuite endreport -->
</testsuite> <!-- Add Product and verify on home page and delete added Products -->
