<?xml version="1.0" encoding="UTF-8"?>
<!-- Generated by org.testng.reporters.JUnitXMLReporter -->
<testsuite ignored="2" hostname="LAPTOP-VN1CB8H2" failures="0" tests="2" name="Add Product and verify added Product on home page" time="3.635" errors="0" timestamp="2023-09-24T17:13:48 IST">
  <testcase classname="LetsShop.AddProduct" name="addProductUsingSingletonlogin" time="3.209"/>
  <testcase classname="LetsShop.GetProductDetails" name="verifyAddedProductUsingSingaletonLogin" time="0.385"/>
  <testcase classname="core.Base" name="@BeforeSuite generatereport" time="0.0">
    <ignored/>
  </testcase> <!-- @BeforeSuite generatereport -->
  <testcase classname="core.Base" name="@AfterSuite endreport" time="0.0">
    <ignored/>
  </testcase> <!-- @AfterSuite endreport -->
</testsuite> <!-- Add Product and verify added Product on home page -->
