<?xml version="1.0" encoding="UTF-8"?>
<!-- Generated by org.testng.reporters.JUnitXMLReporter -->
<testsuite hostname="LAPTOP-VN1CB8H2" failures="0" tests="5" name="Add Product and verify on home page and delete added Products" time="4.192" errors="0" timestamp="2 Oct 2023 15:59:06 GMT">
  <testcase classname="LetsShop.AddProduct" name="addProductUsingSingletonlogin" time="2.956"/>
  <testcase classname="LetsShop.GetProductDetails" name="validateJsonSchemaForGetAllProduct" time="0.573"/>
  <testcase classname="LetsShop.GetProductDetails" name="verifyAddedProductUsingSingaletonLogin" time="0.166"/>
  <testcase classname="LetsShop.GetProductDetails" name="verifyGetProductdetailsFromDB" time="0.33"/>
  <testcase classname="LetsShop.DeleteProducts" name="deleteProductusingIDAndSingltoneLogin" time="0.157"/>
</testsuite> <!-- Add Product and verify on home page and delete added Products -->
