<?xml version="1.0" encoding="UTF-8"?>
<testng-results total="5" passed="5" failed="0" skipped="0">
  <reporter-output>
  </reporter-output>
  <suite started-at="2023-10-02T15:59:02Z" name="LetsShop_Regression_Suite" finished-at="2023-10-02T15:59:06Z" duration-ms="4192">
    <groups>
    </groups>
    <test started-at="2023-10-02T15:59:02Z" name="Add Product and verify on home page and delete added Products" finished-at="2023-10-02T15:59:06Z" duration-ms="4192">
      <class name="LetsShop.AddProduct">
        <test-method is-config="true" signature="generatereport()[pri:0, instance:LetsShop.AddProduct@6e9a5ed8]" started-at="2023-10-02T21:29:02Z" name="generatereport" finished-at="2023-10-02T21:29:02Z" duration-ms="88" status="PASS">
          <reporter-output>
          </reporter-output>
        </test-method> <!-- generatereport -->
        <test-method signature="addProductUsingSingletonlogin()[pri:0, instance:LetsShop.AddProduct@6e9a5ed8]" started-at="2023-10-02T21:29:02Z" name="addProductUsingSingletonlogin" finished-at="2023-10-02T21:29:05Z" duration-ms="2956" status="PASS">
          <reporter-output>
          </reporter-output>
        </test-method> <!-- addProductUsingSingletonlogin -->
        <test-method is-config="true" signature="executeCodeAfterEveryTestMethod(org.testng.ITestResult)[pri:0, instance:LetsShop.AddProduct@6e9a5ed8]" started-at="2023-10-02T21:29:05Z" name="executeCodeAfterEveryTestMethod" finished-at="2023-10-02T21:29:05Z" duration-ms="2" status="PASS">
          <params>
            <param index="0">
              <value>
                <![CDATA[[TestResult name=addProductUsingSingletonlogin status=SUCCESS method=AddProduct.addProductUsingSingletonlogin()[pri:0, instance:LetsShop.AddProduct@6e9a5ed8] output={null}]]]>
              </value>
            </param>
          </params>
          <reporter-output>
          </reporter-output>
        </test-method> <!-- executeCodeAfterEveryTestMethod -->
        <test-method is-config="true" signature="endreport()[pri:0, instance:LetsShop.AddProduct@6e9a5ed8]" started-at="2023-10-02T21:29:06Z" name="endreport" finished-at="2023-10-02T21:29:06Z" duration-ms="201" status="PASS">
          <reporter-output>
          </reporter-output>
        </test-method> <!-- endreport -->
      </class> <!-- LetsShop.AddProduct -->
      <class name="LetsShop.DeleteProducts">
        <test-method signature="deleteProductusingIDAndSingltoneLogin()[pri:0, instance:LetsShop.DeleteProducts@59402b8f]" started-at="2023-10-02T21:29:06Z" name="deleteProductusingIDAndSingltoneLogin" finished-at="2023-10-02T21:29:06Z" duration-ms="157" status="PASS">
          <reporter-output>
          </reporter-output>
        </test-method> <!-- deleteProductusingIDAndSingltoneLogin -->
        <test-method is-config="true" signature="executeCodeAfterEveryTestMethod(org.testng.ITestResult)[pri:0, instance:LetsShop.DeleteProducts@59402b8f]" started-at="2023-10-02T21:29:06Z" name="executeCodeAfterEveryTestMethod" finished-at="2023-10-02T21:29:06Z" duration-ms="1" status="PASS">
          <params>
            <param index="0">
              <value>
                <![CDATA[[TestResult name=deleteProductusingIDAndSingltoneLogin status=SUCCESS method=DeleteProducts.deleteProductusingIDAndSingltoneLogin()[pri:0, instance:LetsShop.DeleteProducts@59402b8f] output={null}]]]>
              </value>
            </param>
          </params>
          <reporter-output>
          </reporter-output>
        </test-method> <!-- executeCodeAfterEveryTestMethod -->
      </class> <!-- LetsShop.DeleteProducts -->
      <class name="LetsShop.GetProductDetails">
        <test-method signature="validateJsonSchemaForGetAllProduct()[pri:0, instance:LetsShop.GetProductDetails@496bc455]" started-at="2023-10-02T21:29:05Z" name="validateJsonSchemaForGetAllProduct" finished-at="2023-10-02T21:29:06Z" duration-ms="573" status="PASS">
          <reporter-output>
          </reporter-output>
        </test-method> <!-- validateJsonSchemaForGetAllProduct -->
        <test-method is-config="true" signature="executeCodeAfterEveryTestMethod(org.testng.ITestResult)[pri:0, instance:LetsShop.GetProductDetails@496bc455]" started-at="2023-10-02T21:29:06Z" name="executeCodeAfterEveryTestMethod" finished-at="2023-10-02T21:29:06Z" duration-ms="1" status="PASS">
          <params>
            <param index="0">
              <value>
                <![CDATA[[TestResult name=validateJsonSchemaForGetAllProduct status=SUCCESS method=GetProductDetails.validateJsonSchemaForGetAllProduct()[pri:0, instance:LetsShop.GetProductDetails@496bc455] output={null}]]]>
              </value>
            </param>
          </params>
          <reporter-output>
          </reporter-output>
        </test-method> <!-- executeCodeAfterEveryTestMethod -->
        <test-method signature="verifyAddedProductUsingSingaletonLogin()[pri:0, instance:LetsShop.GetProductDetails@496bc455]" started-at="2023-10-02T21:29:06Z" name="verifyAddedProductUsingSingaletonLogin" finished-at="2023-10-02T21:29:06Z" duration-ms="166" status="PASS">
          <reporter-output>
          </reporter-output>
        </test-method> <!-- verifyAddedProductUsingSingaletonLogin -->
        <test-method is-config="true" signature="executeCodeAfterEveryTestMethod(org.testng.ITestResult)[pri:0, instance:LetsShop.GetProductDetails@496bc455]" started-at="2023-10-02T21:29:06Z" name="executeCodeAfterEveryTestMethod" finished-at="2023-10-02T21:29:06Z" duration-ms="0" status="PASS">
          <params>
            <param index="0">
              <value>
                <![CDATA[[TestResult name=verifyAddedProductUsingSingaletonLogin status=SUCCESS method=GetProductDetails.verifyAddedProductUsingSingaletonLogin()[pri:0, instance:LetsShop.GetProductDetails@496bc455] output={null}]]]>
              </value>
            </param>
          </params>
          <reporter-output>
          </reporter-output>
        </test-method> <!-- executeCodeAfterEveryTestMethod -->
        <test-method signature="verifyGetProductdetailsFromDB()[pri:0, instance:LetsShop.GetProductDetails@496bc455]" started-at="2023-10-02T21:29:06Z" name="verifyGetProductdetailsFromDB" finished-at="2023-10-02T21:29:06Z" duration-ms="330" status="PASS">
          <reporter-output>
          </reporter-output>
        </test-method> <!-- verifyGetProductdetailsFromDB -->
        <test-method is-config="true" signature="executeCodeAfterEveryTestMethod(org.testng.ITestResult)[pri:0, instance:LetsShop.GetProductDetails@496bc455]" started-at="2023-10-02T21:29:06Z" name="executeCodeAfterEveryTestMethod" finished-at="2023-10-02T21:29:06Z" duration-ms="1" status="PASS">
          <params>
            <param index="0">
              <value>
                <![CDATA[[TestResult name=verifyGetProductdetailsFromDB status=SUCCESS method=GetProductDetails.verifyGetProductdetailsFromDB()[pri:0, instance:LetsShop.GetProductDetails@496bc455] output={null}]]]>
              </value>
            </param>
          </params>
          <reporter-output>
          </reporter-output>
        </test-method> <!-- executeCodeAfterEveryTestMethod -->
      </class> <!-- LetsShop.GetProductDetails -->
    </test> <!-- Add Product and verify on home page and delete added Products -->
  </suite> <!-- LetsShop_Regression_Suite -->
</testng-results>
