<?xml version="1.0" encoding="UTF-8"?>
<testsuite xmlns:xsi="http://www.w3.org/2001/XMLSchema-instance" xsi:noNamespaceSchemaLocation="https://maven.apache.org/surefire/maven-surefire-plugin/xsd/surefire-test-report-3.0.xsd" version="3.0" name="TestSuite" time="5.241" tests="5" errors="0" skipped="0" failures="0">
  <properties>
[...]
</properties>
  <testcase name="addProductUsingSingletonlogin" classname="LetsShop.AddProduct" time="2.953">
    <system-out><![CDATA[Extent Report Started
200
{"token":"eyJhbGciOiJIUzI1NiIsInR5cCI6IkpXVCJ9.eyJfaWQiOiI2MzZmN2MzY2Q3Nzc4ZjU3OTcyZWRiNzYiLCJ1c2VyRW1haWwiOiJwYXRpbGRpbmVzaDE5QGhvdG1haWwuY29tIiwidXNlck1vYmlsZSI6OTAxMTU3OTIwMCwidXNlclJvbGUiOiJjdXN0b21lciIsImlhdCI6MTY5NjI2MjM0NCwiZXhwIjoxNzI3ODE5OTQ0fQ.2TBLYD8r11Dh_yXtUpyYXRqsi8lXOkZEIZN24RCEvAo","userId":"636f7c3cd7778f57972edb76","message":"Login Successfully"}
Request method:	POST
Request URI:	https://www.rahulshettyacademy.com/api/ecom/product/add-product
Proxy:			<none>
Request params:	<none>
Query params:	<none>
Form params:	productName=
				productAddedBy=636f7c3cd7778f57972edb76
				productCategory=electronics
				productSubCategory=laptops
				productPrice=20500
				productDescription=8 GB Ram 15 inc
				productFor=men
Path params:	<none>
Headers:		Authorization=eyJhbGciOiJIUzI1NiIsInR5cCI6IkpXVCJ9.eyJfaWQiOiI2MzZmN2MzY2Q3Nzc4ZjU3OTcyZWRiNzYiLCJ1c2VyRW1haWwiOiJwYXRpbGRpbmVzaDE5QGhvdG1haWwuY29tIiwidXNlck1vYmlsZSI6OTAxMTU3OTIwMCwidXNlclJvbGUiOiJjdXN0b21lciIsImlhdCI6MTY5NjI2MjM0NCwiZXhwIjoxNzI3ODE5OTQ0fQ.2TBLYD8r11Dh_yXtUpyYXRqsi8lXOkZEIZN24RCEvAo
				Accept=*/*
				Content-Type=multipart/form-data
Cookies:		<none>
Multiparts:		------------
				Content-Disposition: form-data; name = productImage; filename = Dell.jpg
				Content-Type: application/octet-stream

				resources\Images\Dell.jpg
Body:			<none>
{"message":{"errors":{"productName":{"name":"ValidatorError","message":"Product Name is required","properties":{"message":"Product Name is required","type":"required","path":"productName","value":""},"kind":"required","path":"productName","value":""}},"_message":"Product validation failed","name":"ValidationError","message":"Product validation failed: productName: Product Name is required"}}
Request method:	POST
Request URI:	https://www.rahulshettyacademy.com/api/ecom/product/add-product
Proxy:			<none>
Request params:	<none>
Query params:	<none>
Form params:	productName=Lenova LAPTOP
				productAddedBy=636f7c3cd7778f57972edb76
				productCategory=
				productSubCategory=laptops
				productPrice=120000
				productDescription=16 GB RAM 22 Inc
				productFor=men
Path params:	<none>
Headers:		Authorization=eyJhbGciOiJIUzI1NiIsInR5cCI6IkpXVCJ9.eyJfaWQiOiI2MzZmN2MzY2Q3Nzc4ZjU3OTcyZWRiNzYiLCJ1c2VyRW1haWwiOiJwYXRpbGRpbmVzaDE5QGhvdG1haWwuY29tIiwidXNlck1vYmlsZSI6OTAxMTU3OTIwMCwidXNlclJvbGUiOiJjdXN0b21lciIsImlhdCI6MTY5NjI2MjM0NCwiZXhwIjoxNzI3ODE5OTQ0fQ.2TBLYD8r11Dh_yXtUpyYXRqsi8lXOkZEIZN24RCEvAo
				Accept=*/*
				Content-Type=multipart/form-data
Cookies:		<none>
Multiparts:		------------
				Content-Disposition: form-data; name = productImage; filename = Lenova.jpg
				Content-Type: application/octet-stream

				resources\Images\Lenova.jpg
Body:			<none>
{"message":{"errors":{"productCategory":{"name":"ValidatorError","message":"Product Category is required","properties":{"message":"Product Category is required","type":"required","path":"productCategory","value":""},"kind":"required","path":"productCategory","value":""}},"_message":"Product validation failed","name":"ValidationError","message":"Product validation failed: productCategory: Product Category is required"}}
Request method:	POST
Request URI:	https://www.rahulshettyacademy.com/api/ecom/product/add-product
Proxy:			<none>
Request params:	<none>
Query params:	<none>
Form params:	productName=DELL LAPTOP
				productAddedBy=636f7c3cd7778f57972edb76
				productCategory=electronics
				productSubCategory=laptops
				productPrice=20500
				productDescription=8 GB Ram 15 inc
				productFor=men
Path params:	<none>
Headers:		Authorization=eyJhbGciOiJIUzI1NiIsInR5cCI6IkpXVCJ9.eyJfaWQiOiI2MzZmN2MzY2Q3Nzc4ZjU3OTcyZWRiNzYiLCJ1c2VyRW1haWwiOiJwYXRpbGRpbmVzaDE5QGhvdG1haWwuY29tIiwidXNlck1vYmlsZSI6OTAxMTU3OTIwMCwidXNlclJvbGUiOiJjdXN0b21lciIsImlhdCI6MTY5NjI2MjM0NCwiZXhwIjoxNzI3ODE5OTQ0fQ.2TBLYD8r11Dh_yXtUpyYXRqsi8lXOkZEIZN24RCEvAo
				Accept=*/*
				Content-Type=multipart/form-data
Cookies:		<none>
Multiparts:		------------
				Content-Disposition: form-data; name = productImage; filename = Dell.jpg
				Content-Type: application/octet-stream

				resources\Images\Dell.jpg
Body:			<none>
{"productId":"651ae8c97244490f95c0c102","message":"Product Added Successfully"}
Product added sucessfully
Request method:	POST
Request URI:	https://www.rahulshettyacademy.com/api/ecom/product/add-product
Proxy:			<none>
Request params:	<none>
Query params:	<none>
Form params:	productName=Lenova LAPTOP
				productAddedBy=636f7c3cd7778f57972edb76
				productCategory=electronics
				productSubCategory=laptops
				productPrice=120000
				productDescription=16 GB RAM 22 Inc
				productFor=men
Path params:	<none>
Headers:		Authorization=eyJhbGciOiJIUzI1NiIsInR5cCI6IkpXVCJ9.eyJfaWQiOiI2MzZmN2MzY2Q3Nzc4ZjU3OTcyZWRiNzYiLCJ1c2VyRW1haWwiOiJwYXRpbGRpbmVzaDE5QGhvdG1haWwuY29tIiwidXNlck1vYmlsZSI6OTAxMTU3OTIwMCwidXNlclJvbGUiOiJjdXN0b21lciIsImlhdCI6MTY5NjI2MjM0NCwiZXhwIjoxNzI3ODE5OTQ0fQ.2TBLYD8r11Dh_yXtUpyYXRqsi8lXOkZEIZN24RCEvAo
				Accept=*/*
				Content-Type=multipart/form-data
Cookies:		<none>
Multiparts:		------------
				Content-Disposition: form-data; name = productImage; filename = Lenova.jpg
				Content-Type: application/octet-stream

				resources\Images\Lenova.jpg
Body:			<none>
{"productId":"651ae8c97244490f95c0c105","message":"Product Added Successfully"}
Product added sucessfully
Request method:	POST
Request URI:	https://www.rahulshettyacademy.com/api/ecom/product/add-product
Proxy:			<none>
Request params:	<none>
Query params:	<none>
Form params:	productName=Lenova LAPTOP
				productAddedBy=636f7c3cd7778f57972edb76
				productCategory=electronics
				productSubCategory=laptops
				productPrice=120000
				productDescription=16 GB RAM 22 Inc
				productFor=men
Path params:	<none>
Headers:		Authorization=eyJhbGciOiJIUzI1NiIsInR5cCI6IkpXVCJ9.eyJfaWQiOiI2MzZmN2MzY2Q3Nzc4ZjU3OTcyZWRiNzYiLCJ1c2VyRW1haWwiOiJwYXRpbGRpbmVzaDE5QGhvdG1haWwuY29tIiwidXNlck1vYmlsZSI6OTAxMTU3OTIwMCwidXNlclJvbGUiOiJjdXN0b21lciIsImlhdCI6MTY5NjI2MjM0NCwiZXhwIjoxNzI3ODE5OTQ0fQ.2TBLYD8r11Dh_yXtUpyYXRqsi8lXOkZEIZN24RCEvAo
				Accept=*/*
				Content-Type=multipart/form-data
Cookies:		<none>
Multiparts:		------------
				Content-Disposition: form-data; name = productImage; filename = lecture.txt
				Content-Type: application/octet-stream

				resources\TestData\lecture.txt
Body:			<none>
{"type":"Something Went Wrong","message":{"storageErrors":[]}}
Total Product added2
Product ID0Product name Is 651ae8c97244490f95c0c102
Product ID1Product name Is 651ae8c97244490f95c0c105
]]></system-out>
  </testcase>
  <testcase name="validateJsonSchemaForGetAllProduct" classname="LetsShop.GetProductDetails" time="0.557">
    <system-out><![CDATA[Request method:	POST
Request URI:	https://www.rahulshettyacademy.com/api/ecom/product/get-all-products
Proxy:			<none>
Request params:	<none>
Query params:	<none>
Form params:	<none>
Path params:	<none>
Headers:		Authorization=eyJhbGciOiJIUzI1NiIsInR5cCI6IkpXVCJ9.eyJfaWQiOiI2MzZmN2MzY2Q3Nzc4ZjU3OTcyZWRiNzYiLCJ1c2VyRW1haWwiOiJwYXRpbGRpbmVzaDE5QGhvdG1haWwuY29tIiwidXNlck1vYmlsZSI6OTAxMTU3OTIwMCwidXNlclJvbGUiOiJjdXN0b21lciIsImlhdCI6MTY5NjI2MjM0NCwiZXhwIjoxNzI3ODE5OTQ0fQ.2TBLYD8r11Dh_yXtUpyYXRqsi8lXOkZEIZN24RCEvAo
				Accept=*/*
				Content-Type=Application/json; charset=UTF-8
Cookies:		<none>
Multiparts:		<none>
Body:			<none>
]]></system-out>
  </testcase>
  <testcase name="verifyAddedProductUsingSingaletonLogin" classname="LetsShop.GetProductDetails" time="0.166">
    <system-out><![CDATA[Request method:	POST
Request URI:	https://www.rahulshettyacademy.com/api/ecom/product/get-all-products
Proxy:			<none>
Request params:	<none>
Query params:	<none>
Form params:	<none>
Path params:	<none>
Headers:		Authorization=eyJhbGciOiJIUzI1NiIsInR5cCI6IkpXVCJ9.eyJfaWQiOiI2MzZmN2MzY2Q3Nzc4ZjU3OTcyZWRiNzYiLCJ1c2VyRW1haWwiOiJwYXRpbGRpbmVzaDE5QGhvdG1haWwuY29tIiwidXNlck1vYmlsZSI6OTAxMTU3OTIwMCwidXNlclJvbGUiOiJjdXN0b21lciIsImlhdCI6MTY5NjI2MjM0NCwiZXhwIjoxNzI3ODE5OTQ0fQ.2TBLYD8r11Dh_yXtUpyYXRqsi8lXOkZEIZN24RCEvAo
				Accept=*/*
				Content-Type=Application/json; charset=UTF-8
Cookies:		<none>
Multiparts:		<none>
Body:			<none>
{"data":[{"_id":"6262e95ae26b7e1a10e89bf0","productName":"zara coat 3","productCategory":"fashion","productSubCategory":"shirts","productPrice":31500,"productDescription":"zara coat 3","productImage":"https://rahulshettyacademy.com/api/ecom/uploads/productImage_1650649434146.jpeg","productRating":"0","productTotalOrders":"0","productStatus":true,"productFor":"women","productAddedBy":"admin@gmail.com","__v":0},{"_id":"6262e990e26b7e1a10e89bfa","productName":"adidas original","productCategory":"fashion","productSubCategory":"shirts","productPrice":31500,"productDescription":"adidas original","productImage":"https://rahulshettyacademy.com/api/ecom/uploads/productImage_1650649488046.jpg","productRating":"0","productTotalOrders":"0","productStatus":true,"productFor":"men","productAddedBy":"admin@gmail.com","__v":0},{"_id":"6262e9d9e26b7e1a10e89c04","productName":"iphone 13 pro","productCategory":"electronics","productSubCategory":"shirts","productPrice":231500,"productDescription":"iphone 13 pro","productImage":"https://rahulshettyacademy.com/api/ecom/uploads/productImage_1650649561326.jpg","productRating":"0","productTotalOrders":"0","productStatus":true,"productFor":"men","productAddedBy":"admin@gmail.com","__v":0},{"_id":"651ae8c97244490f95c0c102","productName":"DELL LAPTOP","productCategory":"electronics","productSubCategory":"laptops","productPrice":20500,"productDescription":"8 GB Ram 15 inc","productImage":"https://rahulshettyacademy.com/api/ecom/uploads/productImage_1696262345381.jpg","productRating":"0","productTotalOrders":"0","productStatus":true,"productFor":"men","productAddedBy":"636f7c3cd7778f57972edb76","__v":0},{"_id":"651ae8c97244490f95c0c105","productName":"Lenova LAPTOP","productCategory":"electronics","productSubCategory":"laptops","productPrice":120000,"productDescription":"16 GB RAM 22 Inc","productImage":"https://rahulshettyacademy.com/api/ecom/uploads/productImage_1696262345512.jpg","productRating":"0","productTotalOrders":"0","productStatus":true,"productFor":"men","productAddedBy":"636f7c3cd7778f57972edb76","__v":0}],"count":5,"message":"All Products fetched Successfully"}
Total number of Product =5
Addded 4th Product is 651ae8c97244490f95c0c105
Product Added sucessfully651ae8c97244490f95c0c102
Product Added sucessfully651ae8c97244490f95c0c105
]]></system-out>
  </testcase>
  <testcase name="verifyGetProductdetailsFromDB" classname="LetsShop.GetProductDetails" time="0.33">
    <system-out><![CDATA[Request method:	POST
Request URI:	https://www.rahulshettyacademy.com/api/ecom/product/get-all-products
Proxy:			<none>
Request params:	<none>
Query params:	<none>
Form params:	<none>
Path params:	<none>
Headers:		Authorization=eyJhbGciOiJIUzI1NiIsInR5cCI6IkpXVCJ9.eyJfaWQiOiI2MzZmN2MzY2Q3Nzc4ZjU3OTcyZWRiNzYiLCJ1c2VyRW1haWwiOiJwYXRpbGRpbmVzaDE5QGhvdG1haWwuY29tIiwidXNlck1vYmlsZSI6OTAxMTU3OTIwMCwidXNlclJvbGUiOiJjdXN0b21lciIsImlhdCI6MTY5NjI2MjM0NCwiZXhwIjoxNzI3ODE5OTQ0fQ.2TBLYD8r11Dh_yXtUpyYXRqsi8lXOkZEIZN24RCEvAo
				Accept=*/*
				Content-Type=Application/json; charset=UTF-8
Cookies:		<none>
Multiparts:		<none>
Body:			<none>
{"data":[{"_id":"6262e95ae26b7e1a10e89bf0","productName":"zara coat 3","productCategory":"fashion","productSubCategory":"shirts","productPrice":31500,"productDescription":"zara coat 3","productImage":"https://rahulshettyacademy.com/api/ecom/uploads/productImage_1650649434146.jpeg","productRating":"0","productTotalOrders":"0","productStatus":true,"productFor":"women","productAddedBy":"admin@gmail.com","__v":0},{"_id":"6262e990e26b7e1a10e89bfa","productName":"adidas original","productCategory":"fashion","productSubCategory":"shirts","productPrice":31500,"productDescription":"adidas original","productImage":"https://rahulshettyacademy.com/api/ecom/uploads/productImage_1650649488046.jpg","productRating":"0","productTotalOrders":"0","productStatus":true,"productFor":"men","productAddedBy":"admin@gmail.com","__v":0},{"_id":"6262e9d9e26b7e1a10e89c04","productName":"iphone 13 pro","productCategory":"electronics","productSubCategory":"shirts","productPrice":231500,"productDescription":"iphone 13 pro","productImage":"https://rahulshettyacademy.com/api/ecom/uploads/productImage_1650649561326.jpg","productRating":"0","productTotalOrders":"0","productStatus":true,"productFor":"men","productAddedBy":"admin@gmail.com","__v":0},{"_id":"651ae8c97244490f95c0c102","productName":"DELL LAPTOP","productCategory":"electronics","productSubCategory":"laptops","productPrice":20500,"productDescription":"8 GB Ram 15 inc","productImage":"https://rahulshettyacademy.com/api/ecom/uploads/productImage_1696262345381.jpg","productRating":"0","productTotalOrders":"0","productStatus":true,"productFor":"men","productAddedBy":"636f7c3cd7778f57972edb76","__v":0},{"_id":"651ae8c97244490f95c0c105","productName":"Lenova LAPTOP","productCategory":"electronics","productSubCategory":"laptops","productPrice":120000,"productDescription":"16 GB RAM 22 Inc","productImage":"https://rahulshettyacademy.com/api/ecom/uploads/productImage_1696262345512.jpg","productRating":"0","productTotalOrders":"0","productStatus":true,"productFor":"men","productAddedBy":"636f7c3cd7778f57972edb76","__v":0}],"count":5,"message":"All Products fetched Successfully"}
jdbc:sqlserver://LAPTOP-VN1CB8H2\\QA.database.windows.net:1433;database=Employee_Managment;encrypt=true;trustServerCertificate=true;loginTimeout=30;
sa
DD123@dd123
Coonected to MSSQL server
select PRODUCT_NAME from PRODUCT_DETAILS WHERE PRODUCT_ID=1
PRODUCT_NAME
Value: zara coat 3
]]></system-out>
  </testcase>
  <testcase name="deleteProductusingIDAndSingltoneLogin" classname="LetsShop.DeleteProducts" time="0.158">
    <system-out><![CDATA[Request method:	DELETE
Request URI:	https://www.rahulshettyacademy.com/api/ecom/product/delete-product/651ae8c97244490f95c0c102
Proxy:			<none>
Request params:	<none>
Query params:	<none>
Form params:	<none>
Path params:	<none>
Headers:		Authorization=eyJhbGciOiJIUzI1NiIsInR5cCI6IkpXVCJ9.eyJfaWQiOiI2MzZmN2MzY2Q3Nzc4ZjU3OTcyZWRiNzYiLCJ1c2VyRW1haWwiOiJwYXRpbGRpbmVzaDE5QGhvdG1haWwuY29tIiwidXNlck1vYmlsZSI6OTAxMTU3OTIwMCwidXNlclJvbGUiOiJjdXN0b21lciIsImlhdCI6MTY5NjI2MjM0NCwiZXhwIjoxNzI3ODE5OTQ0fQ.2TBLYD8r11Dh_yXtUpyYXRqsi8lXOkZEIZN24RCEvAo
				Accept=*/*
				Content-Type=Application/json; charset=UTF-8
Cookies:		<none>
Multiparts:		<none>
Body:			<none>
{"message":"Product Deleted Successfully"}
Request method:	DELETE
Request URI:	https://www.rahulshettyacademy.com/api/ecom/product/delete-product/651ae8c97244490f95c0c105
Proxy:			<none>
Request params:	<none>
Query params:	<none>
Form params:	<none>
Path params:	<none>
Headers:		Authorization=eyJhbGciOiJIUzI1NiIsInR5cCI6IkpXVCJ9.eyJfaWQiOiI2MzZmN2MzY2Q3Nzc4ZjU3OTcyZWRiNzYiLCJ1c2VyRW1haWwiOiJwYXRpbGRpbmVzaDE5QGhvdG1haWwuY29tIiwidXNlck1vYmlsZSI6OTAxMTU3OTIwMCwidXNlclJvbGUiOiJjdXN0b21lciIsImlhdCI6MTY5NjI2MjM0NCwiZXhwIjoxNzI3ODE5OTQ0fQ.2TBLYD8r11Dh_yXtUpyYXRqsi8lXOkZEIZN24RCEvAo
				Accept=*/*
				Content-Type=Application/json; charset=UTF-8
Cookies:		<none>
Multiparts:		<none>
Body:			<none>
{"message":"Product Deleted Successfully"}
]]></system-out>
  </testcase>
</testsuite>