<?xml version="1.0" encoding="UTF-8"?>
<testng-results ignored="4" total="8" passed="4" failed="0" skipped="0">
  <reporter-output>
  </reporter-output>
  <suite started-at="2023-10-01T10:47:26 IST" name="LetsShop_Regression_Suite" finished-at="2023-10-01T10:47:30 IST" duration-ms="4104">
    <groups>
    </groups>
    <test started-at="2023-10-01T10:47:26 IST" name="Add Product and verify on home page and delete added Products" finished-at="2023-10-01T10:47:30 IST" duration-ms="4104">
      <class name="LetsShop.AddProduct">
        <test-method is-config="true" signature="generatereport()[pri:0, instance:LetsShop.AddProduct@59309333]" started-at="2023-10-01T10:47:25 IST" name="generatereport" finished-at="2023-10-01T10:47:26 IST" duration-ms="131" status="PASS">
          <reporter-output>
          </reporter-output>
        </test-method> <!-- generatereport -->
        <test-method signature="addProductUsingSingletonlogin()[pri:0, instance:LetsShop.AddProduct@59309333]" started-at="2023-10-01T10:47:26 IST" name="addProductUsingSingletonlogin" finished-at="2023-10-01T10:47:29 IST" duration-ms="3183" status="PASS">
          <reporter-output>
          </reporter-output>
        </test-method> <!-- addProductUsingSingletonlogin -->
        <test-method is-config="true" signature="executeCodeAfterEveryTestMethod(org.testng.ITestResult)[pri:0, instance:LetsShop.AddProduct@59309333]" started-at="2023-10-01T10:47:29 IST" name="executeCodeAfterEveryTestMethod" finished-at="2023-10-01T10:47:29 IST" duration-ms="3" status="PASS">
          <params>
            <param index="0">
              <value>
                <![CDATA[[TestResult name=addProductUsingSingletonlogin status=SUCCESS method=AddProduct.addProductUsingSingletonlogin()[pri:0, instance:LetsShop.AddProduct@59309333] output={null}]]]>
              </value>
            </param>
          </params>
          <reporter-output>
          </reporter-output>
        </test-method> <!-- executeCodeAfterEveryTestMethod -->
        <test-method is-config="true" signature="endreport()[pri:0, instance:LetsShop.AddProduct@59309333]" started-at="2023-10-01T10:47:30 IST" name="endreport" finished-at="2023-10-01T10:47:30 IST" duration-ms="218" status="PASS">
          <reporter-output>
          </reporter-output>
        </test-method> <!-- endreport -->
      </class> <!-- LetsShop.AddProduct -->
      <class name="LetsShop.DeleteProducts">
        <test-method signature="deleteProductusingIDAndSingltoneLogin()[pri:0, instance:LetsShop.DeleteProducts@515aebb0]" started-at="2023-10-01T10:47:30 IST" name="deleteProductusingIDAndSingltoneLogin" finished-at="2023-10-01T10:47:30 IST" duration-ms="174" status="PASS">
          <reporter-output>
          </reporter-output>
        </test-method> <!-- deleteProductusingIDAndSingltoneLogin -->
        <test-method is-config="true" signature="executeCodeAfterEveryTestMethod(org.testng.ITestResult)[pri:0, instance:LetsShop.DeleteProducts@515aebb0]" started-at="2023-10-01T10:47:30 IST" name="executeCodeAfterEveryTestMethod" finished-at="2023-10-01T10:47:30 IST" duration-ms="1" status="PASS">
          <params>
            <param index="0">
              <value>
                <![CDATA[[TestResult name=deleteProductusingIDAndSingltoneLogin status=SUCCESS method=DeleteProducts.deleteProductusingIDAndSingltoneLogin()[pri:0, instance:LetsShop.DeleteProducts@515aebb0] output={null}]]]>
              </value>
            </param>
          </params>
          <reporter-output>
          </reporter-output>
        </test-method> <!-- executeCodeAfterEveryTestMethod -->
      </class> <!-- LetsShop.DeleteProducts -->
      <class name="LetsShop.GetProductDetails">
        <test-method signature="validateJsonSchemaForGetAllProduct()[pri:0, instance:LetsShop.GetProductDetails@37afeb11]" started-at="2023-10-01T10:47:29 IST" name="validateJsonSchemaForGetAllProduct" finished-at="2023-10-01T10:47:29 IST" duration-ms="522" status="PASS">
          <reporter-output>
          </reporter-output>
        </test-method> <!-- validateJsonSchemaForGetAllProduct -->
        <test-method signature="verifyAddedProductUsingSingaletonLogin()[pri:0, instance:LetsShop.GetProductDetails@37afeb11]" started-at="2023-10-01T10:47:29 IST" name="verifyAddedProductUsingSingaletonLogin" finished-at="2023-10-01T10:47:30 IST" duration-ms="192" status="PASS">
          <reporter-output>
          </reporter-output>
        </test-method> <!-- verifyAddedProductUsingSingaletonLogin -->
        <test-method is-config="true" signature="executeCodeAfterEveryTestMethod(org.testng.ITestResult)[pri:0, instance:LetsShop.GetProductDetails@37afeb11]" started-at="2023-10-01T10:47:29 IST" name="executeCodeAfterEveryTestMethod" finished-at="2023-10-01T10:47:29 IST" duration-ms="0" status="PASS">
          <params>
            <param index="0">
              <value>
                <![CDATA[[TestResult name=validateJsonSchemaForGetAllProduct status=SUCCESS method=GetProductDetails.validateJsonSchemaForGetAllProduct()[pri:0, instance:LetsShop.GetProductDetails@37afeb11] output={null}]]]>
              </value>
            </param>
          </params>
          <reporter-output>
          </reporter-output>
        </test-method> <!-- executeCodeAfterEveryTestMethod -->
        <test-method is-config="true" signature="executeCodeAfterEveryTestMethod(org.testng.ITestResult)[pri:0, instance:LetsShop.GetProductDetails@37afeb11]" started-at="2023-10-01T10:47:30 IST" name="executeCodeAfterEveryTestMethod" finished-at="2023-10-01T10:47:30 IST" duration-ms="1" status="PASS">
          <params>
            <param index="0">
              <value>
                <![CDATA[[TestResult name=verifyAddedProductUsingSingaletonLogin status=SUCCESS method=GetProductDetails.verifyAddedProductUsingSingaletonLogin()[pri:0, instance:LetsShop.GetProductDetails@37afeb11] output={null}]]]>
              </value>
            </param>
          </params>
          <reporter-output>
          </reporter-output>
        </test-method> <!-- executeCodeAfterEveryTestMethod -->
      </class> <!-- LetsShop.GetProductDetails -->
    </test> <!-- Add Product and verify on home page and delete added Products -->
  </suite> <!-- LetsShop_Regression_Suite -->
</testng-results>
