<?xml version="1.0" encoding="UTF-8"?>
<testng-results ignored="0" total="1" passed="1" failed="0" skipped="0">
  <reporter-output>
  </reporter-output>
  <suite started-at="2023-10-01T22:23:14 IST" name="Default suite" finished-at="2023-10-01T22:23:17 IST" duration-ms="3262">
    <groups>
    </groups>
    <test started-at="2023-10-01T22:23:14 IST" name="Default test" finished-at="2023-10-01T22:23:17 IST" duration-ms="3262">
      <class name="LetsShop.GetProductDetails">
        <test-method is-config="true" signature="generatereport()[pri:0, instance:LetsShop.GetProductDetails@6356695f]" started-at="2023-10-01T22:23:14 IST" name="generatereport" finished-at="2023-10-01T22:23:14 IST" duration-ms="167" status="PASS">
          <reporter-output>
          </reporter-output>
        </test-method> <!-- generatereport -->
        <test-method signature="verifyGetProductdetailsFromDB()[pri:0, instance:LetsShop.GetProductDetails@6356695f]" started-at="2023-10-01T22:23:14 IST" name="verifyGetProductdetailsFromDB" finished-at="2023-10-01T22:23:17 IST" duration-ms="3222" status="PASS">
          <reporter-output>
          </reporter-output>
        </test-method> <!-- verifyGetProductdetailsFromDB -->
        <test-method is-config="true" signature="executeCodeAfterEveryTestMethod(org.testng.ITestResult)[pri:0, instance:LetsShop.GetProductDetails@6356695f]" started-at="2023-10-01T22:23:17 IST" name="executeCodeAfterEveryTestMethod" finished-at="2023-10-01T22:23:17 IST" duration-ms="5" status="PASS">
          <params>
            <param index="0">
              <value>
                <![CDATA[[TestResult name=verifyGetProductdetailsFromDB status=SUCCESS method=GetProductDetails.verifyGetProductdetailsFromDB()[pri:0, instance:LetsShop.GetProductDetails@6356695f] output={null}]]]>
              </value>
            </param>
          </params>
          <reporter-output>
          </reporter-output>
        </test-method> <!-- executeCodeAfterEveryTestMethod -->
        <test-method is-config="true" signature="endreport()[pri:0, instance:LetsShop.GetProductDetails@6356695f]" started-at="2023-10-01T22:23:17 IST" name="endreport" finished-at="2023-10-01T22:23:17 IST" duration-ms="214" status="PASS">
          <reporter-output>
          </reporter-output>
        </test-method> <!-- endreport -->
      </class> <!-- LetsShop.GetProductDetails -->
    </test> <!-- Default test -->
  </suite> <!-- Default suite -->
</testng-results>
